<?xml version="1.0" encoding="UTF-8"?>
<testng-results ignored="0" total="1" passed="1" failed="0" skipped="0">
  <reporter-output>
  </reporter-output>
  <suite started-at="2023-08-18T17:00:32 IST" name="Default suite" finished-at="2023-08-18T17:01:26 IST" duration-ms="54361">
    <groups>
    </groups>
    <test started-at="2023-08-18T17:00:32 IST" name="Default test" finished-at="2023-08-18T17:01:26 IST" duration-ms="54361">
      <class name="QA.Appium.AppiumBasics">
        <test-method is-config="true" signature="configurationAppium()[pri:0, instance:QA.Appium.AppiumBasics@3e8c3cb]" started-at="2023-08-18T17:00:32 IST" name="configurationAppium" finished-at="2023-08-18T17:01:15 IST" duration-ms="42831" status="PASS">
          <reporter-output>
          </reporter-output>
        </test-method> <!-- configurationAppium -->
        <test-method signature="wifisetting()[pri:0, instance:QA.Appium.AppiumBasics@3e8c3cb]" started-at="2023-08-18T17:01:15 IST" name="wifisetting" finished-at="2023-08-18T17:01:25 IST" duration-ms="10812" status="PASS">
          <reporter-output>
          </reporter-output>
        </test-method> <!-- wifisetting -->
        <test-method is-config="true" signature="tearDown()[pri:0, instance:QA.Appium.AppiumBasics@3e8c3cb]" started-at="2023-08-18T17:01:25 IST" name="tearDown" finished-at="2023-08-18T17:01:26 IST" duration-ms="658" status="PASS">
          <reporter-output>
          </reporter-output>
        </test-method> <!-- tearDown -->
      </class> <!-- QA.Appium.AppiumBasics -->
    </test> <!-- Default test -->
  </suite> <!-- Default suite -->
</testng-results>
